# JRE version: OpenJDK Runtime Environment (11.0.8+10) (build 11.0.8+10-b944.6842174)
# Java VM: OpenJDK 64-Bit Server VM (11.0.8+10-b944.6842174, mixed mode, tiered, compressed oops, g1 gc, windows-amd64)
Heap:
 garbage-first heap   total 565248K, used 279865K [0x00000000a0000000, 0x0000000100000000)
  region size 1024K, 66 young (67584K), 3 survivors (3072K)
 Metaspace       used 183891K, capacity 189373K, committed 189568K, reserved 1214464K
  class space    used 21982K, capacity 23823K, committed 23960K, reserved 1048576K
GC Heap History (20 events):
Event: 4128.064 GC heap before
{Heap before GC invocations=215 (full 0):
 garbage-first heap   total 565248K, used 331267K [0x00000000a0000000, 0x0000000100000000)
  region size 1024K, 12 young (12288K), 10 survivors (10240K)
 Metaspace       used 181210K, capacity 186468K, committed 186880K, reserved 1212416K
  class space    used 21610K, capacity 23414K, committed 23576K, reserved 1048576K
}
Event: 4128.067 GC heap after
{Heap after GC invocations=216 (full 0):
 garbage-first heap   total 565248K, used 330243K [0x00000000a0000000, 0x0000000100000000)
  region size 1024K, 10 young (10240K), 10 survivors (10240K)
 Metaspace       used 181210K, capacity 186468K, committed 186880K, reserved 1212416K
  class space    used 21610K, capacity 23414K, committed 23576K, reserved 1048576K
}
Event: 4128.951 GC heap before
{Heap before GC invocations=216 (full 0):
 garbage-first heap   total 565248K, used 462339K [0x00000000a0000000, 0x0000000100000000)
  region size 1024K, 130 young (133120K), 10 survivors (10240K)
 Metaspace       used 181214K, capacity 186462K, committed 186880K, reserved 1212416K
  class space    used 21609K, capacity 23412K, committed 23576K, reserved 1048576K
}
Event: 4128.959 GC heap after
{Heap after GC invocations=217 (full 0):
 garbage-first heap   total 565248K, used 311549K [0x00000000a0000000, 0x0000000100000000)
  region size 1024K, 8 young (8192K), 8 survivors (8192K)
 Metaspace       used 181214K, capacity 186462K, committed 186880K, reserved 1212416K
  class space    used 21609K, capacity 23412K, committed 23576K, reserved 1048576K
}
Event: 4130.013 GC heap before
{Heap before GC invocations=218 (full 0):
 garbage-first heap   total 565248K, used 454909K [0x00000000a0000000, 0x0000000100000000)
  region size 1024K, 148 young (151552K), 8 survivors (8192K)
 Metaspace       used 181259K, capacity 186485K, committed 186880K, reserved 1212416K
  class space    used 21618K, capacity 23420K, committed 23576K, reserved 1048576K
}
Event: 4130.014 GC heap after
{Heap after GC invocations=219 (full 0):
 garbage-first heap   total 565248K, used 305281K [0x00000000a0000000, 0x0000000100000000)
  region size 1024K, 2 young (2048K), 2 survivors (2048K)
 Metaspace       used 181259K, capacity 186485K, committed 186880K, reserved 1212416K
  class space    used 21618K, capacity 23420K, committed 23576K, reserved 1048576K
}
Event: 4130.318 GC heap before
{Heap before GC invocations=219 (full 0):
 garbage-first heap   total 565248K, used 331905K [0x00000000a0000000, 0x0000000100000000)
  region size 1024K, 27 young (27648K), 2 survivors (2048K)
 Metaspace       used 181259K, capacity 186485K, committed 186880K, reserved 1212416K
  class space    used 21618K, capacity 23420K, committed 23576K, reserved 1048576K
}
Event: 4130.336 GC heap after
{Heap after GC invocations=220 (full 0):
 garbage-first heap   total 565248K, used 281391K [0x00000000a0000000, 0x0000000100000000)
  region size 1024K, 4 young (4096K), 4 survivors (4096K)
 Metaspace       used 181259K, capacity 186485K, committed 186880K, reserved 1212416K
  class space    used 21618K, capacity 23420K, committed 23576K, reserved 1048576K
}
Event: 4131.722 GC heap before
{Heap before GC invocations=220 (full 0):
 garbage-first heap   total 565248K, used 455471K [0x00000000a0000000, 0x0000000100000000)
  region size 1024K, 171 young (175104K), 4 survivors (4096K)
 Metaspace       used 181259K, capacity 186485K, committed 186880K, reserved 1212416K
  class space    used 21618K, capacity 23420K, committed 23576K, reserved 1048576K
}
Event: 4131.731 GC heap after
{Heap after GC invocations=221 (full 0):
 garbage-first heap   total 565248K, used 298175K [0x00000000a0000000, 0x0000000100000000)
  region size 1024K, 20 young (20480K), 20 survivors (20480K)
 Metaspace       used 181259K, capacity 186485K, committed 186880K, reserved 1212416K
  class space    used 21618K, capacity 23420K, committed 23576K, reserved 1048576K
}
Event: 4132.532 GC heap before
{Heap before GC invocations=221 (full 0):
 garbage-first heap   total 565248K, used 455871K [0x00000000a0000000, 0x0000000100000000)
  region size 1024K, 174 young (178176K), 20 survivors (20480K)
 Metaspace       used 181259K, capacity 186485K, committed 186880K, reserved 1212416K
  class space    used 21618K, capacity 23420K, committed 23576K, reserved 1048576K
}
Event: 4132.550 GC heap after
{Heap after GC invocations=222 (full 0):
 garbage-first heap   total 565248K, used 338373K [0x00000000a0000000, 0x0000000100000000)
  region size 1024K, 22 young (22528K), 22 survivors (22528K)
 Metaspace       used 181259K, capacity 186485K, committed 186880K, reserved 1212416K
  class space    used 21618K, capacity 23420K, committed 23576K, reserved 1048576K
}
Event: 4132.982 GC heap before
{Heap before GC invocations=222 (full 0):
 garbage-first heap   total 565248K, used 446917K [0x00000000a0000000, 0x0000000100000000)
  region size 1024K, 128 young (131072K), 22 survivors (22528K)
 Metaspace       used 181259K, capacity 186485K, committed 186880K, reserved 1212416K
  class space    used 21618K, capacity 23420K, committed 23576K, reserved 1048576K
}
Event: 4132.994 GC heap after
{Heap after GC invocations=223 (full 0):
 garbage-first heap   total 565248K, used 360960K [0x00000000a0000000, 0x0000000100000000)
  region size 1024K, 16 young (16384K), 16 survivors (16384K)
 Metaspace       used 181259K, capacity 186485K, committed 186880K, reserved 1212416K
  class space    used 21618K, capacity 23420K, committed 23576K, reserved 1048576K
}
Event: 4152.774 GC heap before
{Heap before GC invocations=224 (full 0):
 garbage-first heap   total 565248K, used 355840K [0x00000000a0000000, 0x0000000100000000)
  region size 1024K, 99 young (101376K), 16 survivors (16384K)
 Metaspace       used 183332K, capacity 188739K, committed 188928K, reserved 1214464K
  class space    used 21952K, capacity 23786K, committed 23832K, reserved 1048576K
}
Event: 4152.784 GC heap after
{Heap after GC invocations=225 (full 0):
 garbage-first heap   total 565248K, used 270848K [0x00000000a0000000, 0x0000000100000000)
  region size 1024K, 2 young (2048K), 2 survivors (2048K)
 Metaspace       used 183332K, capacity 188739K, committed 188928K, reserved 1214464K
  class space    used 21952K, capacity 23786K, committed 23832K, reserved 1048576K
}
Event: 4153.027 GC heap before
{Heap before GC invocations=225 (full 0):
 garbage-first heap   total 565248K, used 295424K [0x00000000a0000000, 0x0000000100000000)
  region size 1024K, 27 young (27648K), 2 survivors (2048K)
 Metaspace       used 183848K, capacity 189291K, committed 189568K, reserved 1214464K
  class space    used 21980K, capacity 23820K, committed 23960K, reserved 1048576K
}
Event: 4153.035 GC heap after
{Heap after GC invocations=226 (full 0):
 garbage-first heap   total 565248K, used 217327K [0x00000000a0000000, 0x0000000100000000)
  region size 1024K, 2 young (2048K), 2 survivors (2048K)
 Metaspace       used 183848K, capacity 189291K, committed 189568K, reserved 1214464K
  class space    used 21980K, capacity 23820K, committed 23960K, reserved 1048576K
}
Event: 4153.169 GC heap before
{Heap before GC invocations=226 (full 0):
 garbage-first heap   total 565248K, used 241903K [0x00000000a0000000, 0x0000000100000000)
  region size 1024K, 27 young (27648K), 2 survivors (2048K)
 Metaspace       used 183871K, capacity 189355K, committed 189568K, reserved 1214464K
  class space    used 21980K, capacity 23820K, committed 23960K, reserved 1048576K
}
Event: 4153.175 GC heap after
{Heap after GC invocations=227 (full 0):
 garbage-first heap   total 565248K, used 215289K [0x00000000a0000000, 0x0000000100000000)
  region size 1024K, 2 young (2048K), 2 survivors (2048K)
 Metaspace       used 183871K, capacity 189355K, committed 189568K, reserved 1214464K
  class space    used 21980K, capacity 23820K, committed 23960K, reserved 1048576K
}

